info it worked if it ends with ok
verbose cli [ 'node', '/usr/bin/npm', 'install', 'coffee-script' ]
info using npm@1.0.106
info using node@v0.4.12
verbose config file /home/sahat/.npmrc
verbose config file /usr/etc/npmrc
verbose config file /usr/lib/node_modules/npm/npmrc
verbose into /home/sahat/Dropbox/Projects/sahat.github.com [ 'coffee-script' ]
verbose cache add coffee-script
verbose cache add [ 'coffee-script', null ]
silly cache add: name, spec, args [ undefined,
silly cache add: name, spec, args   'coffee-script',
silly cache add: name, spec, args   [ 'coffee-script', null ] ]
verbose parsed url { pathname: 'coffee-script', href: 'coffee-script' }
info addNamed [ 'coffee-script', '' ]
verbose addNamed [ null, '' ]
verbose GET coffee-script
verbose raw, before any munging coffee-script
verbose url resolving [ 'https://registry.npmjs.org/', './coffee-script' ]
verbose url resolved https://registry.npmjs.org/coffee-script
verbose etag "7Z1ACAW0IKO6D0UZNNM17S1R0"
ERR! Error: ENODATA, DNS server returned answer with no data
ERR!     at IOWatcher.callback (dns.js:74:15)
ERR! Report this *entire* log at:
ERR!     <http://github.com/isaacs/npm/issues>
ERR! or email it to:
ERR!     <npm-@googlegroups.com>
ERR! 
ERR! System Linux 3.2.0-19-generic
ERR! command "node" "/usr/bin/npm" "install" "coffee-script"
ERR! cwd /home/sahat/Dropbox/Projects/sahat.github.com
ERR! node -v v0.4.12
ERR! npm -v 1.0.106
ERR! code ENODATA
verbose exit [ 1, true ]
