0 info it worked if it ends with ok
1 verbose cli [ 'node', '/usr/local/bin/npm', 'install', 'jekyll-assets' ]
2 info using npm@1.3.21
3 info using node@v0.10.24
4 verbose cache add [ 'jekyll-assets', null ]
5 verbose cache add name=undefined spec="jekyll-assets" args=["jekyll-assets",null]
6 verbose parsed url { protocol: null,
6 verbose parsed url   slashes: null,
6 verbose parsed url   auth: null,
6 verbose parsed url   host: null,
6 verbose parsed url   port: null,
6 verbose parsed url   hostname: null,
6 verbose parsed url   hash: null,
6 verbose parsed url   search: null,
6 verbose parsed url   query: null,
6 verbose parsed url   pathname: 'jekyll-assets',
6 verbose parsed url   path: 'jekyll-assets',
6 verbose parsed url   href: 'jekyll-assets' }
7 silly lockFile 22bb6b52-jekyll-assets jekyll-assets
8 verbose lock jekyll-assets /Users/sahat/.npm/22bb6b52-jekyll-assets.lock
9 silly lockFile 22bb6b52-jekyll-assets jekyll-assets
10 silly lockFile 22bb6b52-jekyll-assets jekyll-assets
11 verbose addNamed [ 'jekyll-assets', '' ]
12 verbose addNamed [ null, '*' ]
13 silly lockFile 637e103f-jekyll-assets jekyll-assets@
14 verbose lock jekyll-assets@ /Users/sahat/.npm/637e103f-jekyll-assets.lock
15 silly addNameRange { name: 'jekyll-assets', range: '*', hasData: false }
16 verbose url raw jekyll-assets
17 verbose url resolving [ 'https://registry.npmjs.org/', './jekyll-assets' ]
18 verbose url resolved https://registry.npmjs.org/jekyll-assets
19 info trying registry request attempt 1 at 09:30:29
20 http GET https://registry.npmjs.org/jekyll-assets
21 http 404 https://registry.npmjs.org/jekyll-assets
22 silly registry.get cb [ 404,
22 silly registry.get   { date: 'Tue, 21 Jan 2014 14:30:28 GMT',
22 silly registry.get     server: 'CouchDB/1.5.0 (Erlang OTP/R15B03)',
22 silly registry.get     'content-type': 'application/json',
22 silly registry.get     'cache-control': 'max-age=0',
22 silly registry.get     'content-length': '52',
22 silly registry.get     'accept-ranges': 'bytes',
22 silly registry.get     via: '1.1 varnish',
22 silly registry.get     age: '0',
22 silly registry.get     'x-served-by': 'cache-v42-ASH',
22 silly registry.get     'x-cache': 'MISS',
22 silly registry.get     'x-cache-hits': '0',
22 silly registry.get     'x-timer': 'S1390314628.387014627,VS0,VE45',
22 silly registry.get     'keep-alive': 'timeout=10, max=50',
22 silly registry.get     connection: 'Keep-Alive' } ]
23 silly lockFile 637e103f-jekyll-assets jekyll-assets@
24 silly lockFile 637e103f-jekyll-assets jekyll-assets@
25 error 404 'jekyll-assets' is not in the npm registry.
25 error 404 You should bug the author to publish it
25 error 404
25 error 404 Note that you can also install from a
25 error 404 tarball, folder, or http url, or git url.
26 error System Darwin 13.0.2
27 error command "node" "/usr/local/bin/npm" "install" "jekyll-assets"
28 error cwd /Users/sahat/Projects/sahat.github.com/src
29 error node -v v0.10.24
30 error npm -v 1.3.21
31 error code E404
32 verbose exit [ 1, true ]
